Arguments: 
  /usr/local/Cellar/node/18.0.0/bin/node /usr/local/Cellar/yarn/1.22.18/libexec/bin/yarn.js install

PATH: 
  /Users/JCH76/.poetry/bin:/Library/Frameworks/Python.framework/Versions/3.7/bin:/Users/JCH76/.pyenv/shims:/usr/local/bin:/usr/bin:/bin:/usr/sbin:/sbin:/usr/local/share/dotnet:~/.dotnet/tools:/Library/Frameworks/Mono.framework/Versions/Current/Commands:/Users/JCH76/.poetry/bin:/Library/Frameworks/Python.framework/Versions/3.9/bin

Yarn version: 
  1.22.18

Node version: 
  18.0.0

Platform: 
  darwin x64

Trace: 
  Error: https://registry.yarnpkg.com/colorette/-/colorette-1.4.0.tgz: Request failed "503 Service Unavailable"
      at ResponseError.ExtendableBuiltin (/usr/local/Cellar/yarn/1.22.18/libexec/lib/cli.js:696:66)
      at new ResponseError (/usr/local/Cellar/yarn/1.22.18/libexec/lib/cli.js:802:124)
      at Request.<anonymous> (/usr/local/Cellar/yarn/1.22.18/libexec/lib/cli.js:66208:16)
      at Request.emit (node:events:527:28)
      at module.exports.Request.onRequestResponse (/usr/local/Cellar/yarn/1.22.18/libexec/lib/cli.js:141760:10)
      at ClientRequest.emit (node:events:527:28)
      at HTTPParser.parserOnIncomingClient (node:_http_client:631:27)
      at HTTPParser.parserOnHeadersComplete (node:_http_common:117:17)
      at TLSSocket.socketOnData (node:_http_client:494:22)
      at TLSSocket.emit (node:events:527:28)

npm manifest: 
  {
    "name": "recyle-list",
    "version": "1.0.0",
    "main": "node_modules/expo/AppEntry.js",
    "scripts": {
      "start": "expo start",
      "android": "expo start --android",
      "ios": "expo start --ios",
      "web": "expo start --web"
    },
    "dependencies": {
      "expo": "~46.0.7",
      "expo-status-bar": "~1.4.0",
      "react": "18.0.0",
      "react-native": "0.69.4"
    },
    "devDependencies": {
      "@babel/core": "^7.12.9"
    },
    "private": true
  }

yarn manifest: 
  No manifest

Lockfile: 
  No lockfile
